  sample - visual studio.cpp
C:\Program Files\Microsoft Visual Studio\2022\Community\VC\Tools\MSVC\14.31.31103\include\other\arr.h(115,1): warning C4267: 'argument': conversion from 'size_t' to 'unsigned int', possible loss of data
C:\Program Files\Microsoft Visual Studio\2022\Community\VC\Tools\MSVC\14.31.31103\include\other\arr.h(115): message : while compiling class template member function 'void std::oth::arr<Class_Example>::pop_front(void)'
C:\Users\filip\Documents\GitHub\main\C & C++\#MAIN\other library - dynamic array implementation\Visual Studio\sample - visual studio\sample - visual studio.cpp(128): message : see reference to function template instantiation 'void std::oth::arr<Class_Example>::pop_front(void)' being compiled
C:\Users\filip\Documents\GitHub\main\C & C++\#MAIN\other library - dynamic array implementation\Visual Studio\sample - visual studio\sample - visual studio.cpp(69): message : see reference to class template instantiation 'std::oth::arr<Class_Example>' being compiled
C:\Program Files\Microsoft Visual Studio\2022\Community\VC\Tools\MSVC\14.31.31103\include\other\arr.h(113,1): warning C4267: 'argument': conversion from 'size_t' to 'unsigned int', possible loss of data
C:\Program Files\Microsoft Visual Studio\2022\Community\VC\Tools\MSVC\14.31.31103\include\other\arr.h(113): message : while compiling class template member function 'void std::oth::arr<Class_Example>::pop_back(void)'
C:\Users\filip\Documents\GitHub\main\C & C++\#MAIN\other library - dynamic array implementation\Visual Studio\sample - visual studio\sample - visual studio.cpp(132): message : see reference to function template instantiation 'void std::oth::arr<Class_Example>::pop_back(void)' being compiled
C:\Program Files\Microsoft Visual Studio\2022\Community\VC\Tools\MSVC\14.31.31103\include\other\arr.h(109,1): warning C4267: 'initializing': conversion from 'size_t' to 'unsigned int', possible loss of data
C:\Program Files\Microsoft Visual Studio\2022\Community\VC\Tools\MSVC\14.31.31103\include\other\arr.h(107): message : while compiling class template member function 'void std::oth::arr<Class_Example>::push_front(TYPE)'
          with
          [
              TYPE=Class_Example
          ]
C:\Users\filip\Documents\GitHub\main\C & C++\#MAIN\other library - dynamic array implementation\Visual Studio\sample - visual studio\sample - visual studio.cpp(120): message : see reference to function template instantiation 'void std::oth::arr<Class_Example>::push_front(TYPE)' being compiled
          with
          [
              TYPE=Class_Example
          ]
C:\Program Files\Microsoft Visual Studio\2022\Community\VC\Tools\MSVC\14.31.31103\include\other\arr.h(76,1): warning C4267: 'initializing': conversion from 'size_t' to 'int', possible loss of data
C:\Program Files\Microsoft Visual Studio\2022\Community\VC\Tools\MSVC\14.31.31103\include\other\arr.h(71): message : while compiling class template member function 'void std::oth::arr<Class_Example>::resize(size_t)'
C:\Users\filip\Documents\GitHub\main\C & C++\#MAIN\other library - dynamic array implementation\Visual Studio\sample - visual studio\sample - visual studio.cpp(79): message : see reference to function template instantiation 'void std::oth::arr<Class_Example>::resize(size_t)' being compiled
C:\Program Files\Microsoft Visual Studio\2022\Community\VC\Tools\MSVC\14.31.31103\include\other\arr.h(99,1): warning C4267: 'initializing': conversion from 'size_t' to 'int', possible loss of data
C:\Program Files\Microsoft Visual Studio\2022\Community\VC\Tools\MSVC\14.31.31103\include\other\arr.h(99): message : while compiling class template member function 'size_t std::oth::arr<Class_Example>::back(void) noexcept'
C:\Program Files\Microsoft Visual Studio\2022\Community\VC\Tools\MSVC\14.31.31103\include\other\arr.h(113): message : see reference to function template instantiation 'size_t std::oth::arr<Class_Example>::back(void) noexcept' being compiled
  sample - visual studio.vcxproj -> C:\Users\filip\Documents\GitHub\main\C & C++\#MAIN\other library - dynamic array implementation\Visual Studio\sample - visual studio\x64\Debug\sample - visual studio.exe
